2018-09-14 08:08:24,601 [AWT-EventQueue-0] INFO  (LogInfo.java:31) - SELECT  *  FROM ms_customer WHERE data_status = 'A' 
  2018-09-14 08:08:55,987 [AWT-EventQueue-0] INFO  (LogInfo.java:31) - SELECT  *  FROM ms_supplier WHERE data_status = 'A' 
  2018-09-14 08:09:11,024 [AWT-EventQueue-0] INFO  (LogInfo.java:31) - SELECT  *  FROM ms_bahan WHERE data_status = 'A' 
  2018-09-14 08:09:23,852 [AWT-EventQueue-0] INFO  (LogInfo.java:31) - SELECT  *  FROM ms_customer WHERE data_status = 'A' 
  2018-09-14 18:51:24,427 [AWT-EventQueue-0] INFO  (LogInfo.java:31) - SELECT  *  FROM ms_customer WHERE data_status = 'A' 
  2018-09-14 18:51:28,328 [AWT-EventQueue-0] INFO  (LogInfo.java:31) - SELECT COUNT(kode) AS NO  FROM ms_customer
  2018-09-14 20:10:36,114 [AWT-EventQueue-0] INFO  (LogInfo.java:31) - SELECT  *  FROM ms_bahan WHERE data_status = 'A' 
  2018-09-14 20:10:42,593 [AWT-EventQueue-0] INFO  (LogInfo.java:31) - SELECT COUNT(kode_transaksi) AS NO  FROM tr_penjualan
  2018-09-14 20:10:44,222 [AWT-EventQueue-0] INFO  (LogInfo.java:31) - SELECT  *  FROM ms_customer WHERE data_status = 'A' 
  2018-09-14 20:32:45,475 [AWT-EventQueue-0] INFO  (LogInfo.java:31) - SELECT  *  FROM ms_bahan WHERE data_status = 'A' 
  2018-09-14 20:33:29,837 [AWT-EventQueue-0] INFO  (LogInfo.java:31) - SELECT COUNT(kode_transaksi) AS NO  FROM tr_pembelian
  2018-09-14 20:33:31,175 [AWT-EventQueue-0] INFO  (LogInfo.java:31) - SELECT  *  FROM ms_supplier WHERE data_status = 'A' 
  2018-09-14 20:42:57,830 [AWT-EventQueue-0] INFO  (LogInfo.java:31) - SELECT COUNT(kode_transaksi) AS NO  FROM tr_pembelian
  2018-09-14 20:42:58,858 [AWT-EventQueue-0] INFO  (LogInfo.java:31) - SELECT  *  FROM ms_supplier WHERE data_status = 'A' 
  2018-09-14 20:43:11,156 [AWT-EventQueue-0] INFO  (LogInfo.java:31) - INSERT INTO tr_pembelian  (kode_transaksi,total_harga,data_status,kode_supplier) VALUES (?,?,?,?)
  2018-09-14 20:43:11,305 [AWT-EventQueue-0] INFO  (LogInfo.java:31) - VALUES ('TR-00007', '480000.0', 'A', 'SPL-00001')
  2018-09-14 20:43:11,377 [AWT-EventQueue-0] INFO  (LogInfo.java:31) - INSERT INTO tr_pembelian_detail  (kode_transaksi,total,kode_bahan,jumlah) VALUES (?,?,?,?)
  2018-09-14 20:43:11,380 [AWT-EventQueue-0] INFO  (LogInfo.java:31) - VALUES ('TR-00007', '480000.0', 'BHN-00006', '40')
  2018-09-14 20:43:11,497 [AWT-EventQueue-0] INFO  (LogInfo.java:31) - SELECT  *  FROM ms_bahan WHERE kode = 'BHN-00006' AND data_status = 'A' 
  2018-09-14 20:43:11,539 [AWT-EventQueue-0] INFO  (LogInfo.java:31) - UPDATE ms_bahan  SET harga = ?, jumlah = ?, nama = ?, kode = ?, data_status = ?  WHERE kode = 'BHN-00006' 
  2018-09-14 20:43:11,544 [AWT-EventQueue-0] INFO  (LogInfo.java:31) - VALUES ('12000.0', '50', 'baju', 'BHN-00006', 'A')
  2018-09-14 20:43:14,180 [AWT-EventQueue-0] INFO  (LogInfo.java:31) - SELECT  *  FROM ms_bahan WHERE data_status = 'A' 
  2018-09-14 20:46:16,961 [AWT-EventQueue-0] INFO  (LogInfo.java:31) - SELECT  *  FROM ms_customer WHERE data_status = 'A' 
  2018-09-14 21:02:48,072 [AWT-EventQueue-0] INFO  (LogInfo.java:31) - SELECT  *  FROM ms_supplier WHERE data_status = 'A' 
  2018-09-14 21:12:21,020 [AWT-EventQueue-0] INFO  (LogInfo.java:31) - SELECT  *  FROM ms_bahan WHERE data_status = 'A' 
  2018-09-14 21:24:21,133 [AWT-EventQueue-0] INFO  (LogInfo.java:31) - SELECT  *  FROM ms_customer WHERE data_status = 'A' 
  2018-09-14 21:31:55,968 [AWT-EventQueue-0] INFO  (LogInfo.java:31) - SELECT  *  FROM ms_customer WHERE data_status = 'A' 
  